{
  "Cucumber Features": {
    "coverage": {
      "/Users/lizhuoxuan/2023_fall/4152/phishorfish/app/models/user.rb": {
        "lines": [
          1,
          null,
          null,
          1,
          null,
          null,
          1,
          null
        ]
      },
      "/Users/lizhuoxuan/2023_fall/4152/phishorfish/app/models/scam.rb": {
        "lines": [
          1,
          1,
          null,
          1,
          1,
          null
        ]
      },
      "/Users/lizhuoxuan/2023_fall/4152/phishorfish/app/controllers/application_controller.rb": {
        "lines": [
          1,
          null,
          null,
          1,
          null,
          null
        ]
      },
      "/Users/lizhuoxuan/2023_fall/4152/phishorfish/app/helpers/application_helper.rb": {
        "lines": [
          1,
          null
        ]
      },
      "/Users/lizhuoxuan/2023_fall/4152/phishorfish/app/helpers/scam_articles_helper.rb": {
        "lines": [
          1,
          null
        ]
      },
      "/Users/lizhuoxuan/2023_fall/4152/phishorfish/app/helpers/scams_helper.rb": {
        "lines": [
          1,
          null,
          null
        ]
      },
      "/Users/lizhuoxuan/2023_fall/4152/phishorfish/app/controllers/scams_controller.rb": {
        "lines": [
          1,
          1,
          1,
          1,
          null,
          null,
          1,
          6,
          6,
          null,
          null,
          null,
          1,
          19,
          null,
          null,
          1,
          null,
          null,
          null,
          1,
          3,
          3,
          3,
          null,
          null,
          1,
          1,
          null,
          null,
          1,
          1,
          1,
          1,
          1,
          null,
          null,
          1,
          0,
          0,
          0,
          0,
          null,
          null,
          1,
          null,
          1,
          2,
          null,
          null,
          1,
          2,
          0,
          0,
          null,
          null,
          null,
          1,
          4,
          null,
          null
        ]
      },
      "/Users/lizhuoxuan/2023_fall/4152/phishorfish/app/models/scam_article.rb": {
        "lines": [
          1,
          1,
          1,
          null
        ]
      },
      "/Users/lizhuoxuan/2023_fall/4152/phishorfish/app/controllers/scam_articles_controller.rb": {
        "lines": [
          1,
          null,
          1,
          null,
          1,
          6,
          null,
          null,
          1,
          4,
          null,
          null,
          1,
          1,
          null,
          null,
          1,
          1,
          1,
          1,
          1,
          null,
          0,
          null,
          null,
          null,
          1,
          1,
          null,
          null,
          1,
          1,
          1,
          1,
          1,
          null,
          0,
          null,
          null,
          null,
          1,
          0,
          0,
          0,
          null,
          null,
          1,
          null,
          1,
          4,
          0,
          0,
          null,
          null,
          null,
          1,
          2,
          null,
          null,
          null
        ]
      }
    },
    "timestamp": 1700083832
  },
  "RSpec": {
    "coverage": {
      "/Users/lizhuoxuan/2023_fall/4152/phishorfish/app/models/user.rb": {
        "lines": [
          1,
          null,
          null,
          1,
          null,
          null,
          1,
          null
        ]
      },
      "/Users/lizhuoxuan/2023_fall/4152/phishorfish/app/helpers/application_helper.rb": {
        "lines": [
          1,
          null
        ]
      },
      "/Users/lizhuoxuan/2023_fall/4152/phishorfish/app/helpers/scam_articles_helper.rb": {
        "lines": [
          1,
          null
        ]
      },
      "/Users/lizhuoxuan/2023_fall/4152/phishorfish/app/helpers/scams_helper.rb": {
        "lines": [
          1,
          null,
          null
        ]
      },
      "/Users/lizhuoxuan/2023_fall/4152/phishorfish/app/controllers/scam_articles_controller.rb": {
        "lines": [
          1,
          null,
          1,
          null,
          1,
          3,
          null,
          null,
          1,
          3,
          null,
          null,
          1,
          2,
          null,
          null,
          1,
          4,
          4,
          2,
          2,
          null,
          2,
          null,
          null,
          null,
          1,
          2,
          null,
          null,
          1,
          4,
          4,
          2,
          2,
          null,
          2,
          null,
          null,
          null,
          1,
          2,
          2,
          2,
          null,
          null,
          1,
          null,
          1,
          15,
          1,
          1,
          null,
          null,
          null,
          1,
          8,
          null,
          null,
          null
        ]
      },
      "/Users/lizhuoxuan/2023_fall/4152/phishorfish/app/controllers/application_controller.rb": {
        "lines": [
          1,
          null,
          null,
          1,
          null,
          null
        ]
      },
      "/Users/lizhuoxuan/2023_fall/4152/phishorfish/app/controllers/scams_controller.rb": {
        "lines": [
          1,
          1,
          1,
          1,
          null,
          null,
          1,
          3,
          3,
          null,
          null,
          null,
          1,
          3,
          null,
          null,
          1,
          null,
          null,
          null,
          1,
          2,
          2,
          2,
          null,
          null,
          1,
          2,
          null,
          null,
          1,
          2,
          2,
          2,
          2,
          null,
          null,
          1,
          2,
          2,
          2,
          2,
          null,
          null,
          1,
          null,
          1,
          7,
          null,
          null,
          1,
          7,
          1,
          1,
          null,
          null,
          null,
          1,
          4,
          null,
          null
        ]
      },
      "/Users/lizhuoxuan/2023_fall/4152/phishorfish/app/models/scam_article.rb": {
        "lines": [
          1,
          1,
          1,
          null
        ]
      },
      "/Users/lizhuoxuan/2023_fall/4152/phishorfish/app/models/scam.rb": {
        "lines": [
          1,
          1,
          null,
          1,
          1,
          null
        ]
      }
    },
    "timestamp": 1700096732
  }
}
