{
  "Cucumber Features": {
    "coverage": {
      "/Users/swzhao/Documents/Github/phish-or-fish/app/models/user.rb": {
        "lines": [
          1,
          null,
          null,
          1,
          null,
          null,
          1,
          null
        ]
      },
      "/Users/swzhao/Documents/Github/phish-or-fish/app/models/scam.rb": {
        "lines": [
          1,
          1,
          null
        ]
      },
      "/Users/swzhao/Documents/Github/phish-or-fish/app/controllers/application_controller.rb": {
        "lines": [
          1,
          null,
          null,
          1,
          null,
          null
        ]
      },
      "/Users/swzhao/Documents/Github/phish-or-fish/app/helpers/application_helper.rb": {
        "lines": [
          1,
          null
        ]
      },
      "/Users/swzhao/Documents/Github/phish-or-fish/app/helpers/scam_articles_helper.rb": {
        "lines": [
          1,
          null
        ]
      },
      "/Users/swzhao/Documents/Github/phish-or-fish/app/helpers/scams_helper.rb": {
        "lines": [
          1,
          null,
          null
        ]
      },
      "/Users/swzhao/Documents/Github/phish-or-fish/app/controllers/scams_controller.rb": {
        "lines": [
          1,
          1,
          1,
          null,
          null,
          1,
          7,
          7,
          null,
          null,
          null,
          1,
          24,
          null,
          null,
          1,
          null,
          null,
          null,
          1,
          3,
          3,
          3,
          null,
          null,
          1,
          0,
          null,
          null,
          1,
          0,
          0,
          0,
          0,
          null,
          null,
          1,
          0,
          0,
          0,
          0,
          null,
          null,
          1,
          null,
          1,
          4,
          null,
          null,
          1,
          4,
          4,
          4,
          null,
          null,
          null,
          1,
          3,
          null,
          null
        ]
      },
      "/Users/swzhao/Documents/Github/phish-or-fish/app/models/scam_article.rb": {
        "lines": [
          1,
          null
        ]
      },
      "/Users/swzhao/Documents/Github/phish-or-fish/app/controllers/scam_articles_controller.rb": {
        "lines": [
          1,
          null,
          1,
          null,
          1,
          2,
          null,
          null,
          1,
          1,
          null,
          null,
          1,
          0,
          null,
          null,
          1,
          0,
          0,
          0,
          null,
          0,
          null,
          null,
          null,
          1,
          0,
          null,
          null,
          1,
          0,
          0,
          0,
          null,
          0,
          null,
          null,
          null,
          1,
          0,
          0,
          0,
          null,
          null,
          1,
          null,
          1,
          0,
          0,
          0,
          null,
          null,
          null,
          1,
          0,
          null,
          null,
          null
        ]
      }
    },
    "timestamp": 1700038253
  },
  "RSpec": {
    "coverage": {
      "/Users/asmisriwastawa/phish-or-fish-iter2/app/models/user.rb": {
        "lines": [
          1,
          null,
          null,
          1,
          null,
          null,
          1,
          null
        ]
      },
      "/Users/asmisriwastawa/phish-or-fish-iter2/app/helpers/application_helper.rb": {
        "lines": [
          1,
          null
        ]
      },
      "/Users/asmisriwastawa/phish-or-fish-iter2/app/helpers/scams_helper.rb": {
        "lines": [
          1,
          null,
          null
        ]
      },
      "/Users/asmisriwastawa/phish-or-fish-iter2/app/controllers/scams_controller.rb": {
        "lines": [
          1,
          null,
          1,
          0,
          0,
          null,
          null,
          null,
          1,
          0,
          null,
          null,
          1,
          null,
          null,
          null,
          1,
          2,
          2,
          2,
          null,
          null,
          1,
          0,
          null,
          null,
          1,
          2,
          2,
          2,
          2,
          null,
          null,
          1,
          2,
          2,
          2,
          2,
          null,
          null,
          1,
          null,
          null,
          1,
          4,
          null,
          null
        ]
      },
      "/Users/asmisriwastawa/phish-or-fish-iter2/app/controllers/application_controller.rb": {
        "lines": [
          1,
          null,
          null,
          1,
          null,
          null
        ]
      },
      "/Users/asmisriwastawa/phish-or-fish-iter2/app/models/scam.rb": {
        "lines": [
          1,
          1,
          null
        ]
      }
    },
    "timestamp": 1699657419
  }
}
